[VECTOR SEARCH] repo_id value: '5870b3d97abd0114', type: <class 'str'>, query: 'import'
[DevLens AI Error] Vector similarity RPC lookup failed: {'message': 'Could not find the function public.match_code_chunks(filter_repo_id, match_count, match_threshold, query_embedding) in the schema cache', 'code': 'PGRST202', 'hint': None, 'details': 'Searched for the function public.match_code_chunks with parameters filter_repo_id, match_count, match_threshold, query_embedding or with a single unnamed json/jsonb parameter, but no matches were found in the schema cache.'}
Traceback (most recent call last):
  File "C:\Users\Anil\Desktop\Projects\DevLens-AI\DevLens-AI\backend\app\search\vector_search.py", line 32, in vector_search
    ).execute()
      ~~~~~~~^^
  File "C:\Users\Anil\Desktop\Projects\DevLens-AI\DevLens-AI\backend\.venv\Lib\site-packages\postgrest\_sync\request_builder.py", line 129, in execute
    raise APIError(dict(json_obj))
postgrest.exceptions.APIError: {'message': 'Could not find the function public.match_code_chunks(filter_repo_id, match_count, match_threshold, query_embedding) in the schema cache', 'code': 'PGRST202', 'hint': None, 'details': 'Searched for the function public.match_code_chunks with parameters filter_repo_id, match_count, match_threshold, query_embedding or with a single unnamed json/jsonb parameter, but no matches were found in the schema cache.'}

[KEYWORD SEARCH] repo_id value: '5870b3d97abd0114', type: <class 'str'>, query: 'import'
[DevLens AI Error] Keyword similarity RPC lookup failed: {'message': 'Could not find the function public.match_code_chunks_keyword(filter_repo_id, match_count, query_text) in the schema cache', 'code': 'PGRST202', 'hint': None, 'details': 'Searched for the function public.match_code_chunks_keyword with parameters filter_repo_id, match_count, query_text or with a single unnamed json/jsonb parameter, but no matches were found in the schema cache.'}
Traceback (most recent call last):
  File "C:\Users\Anil\Desktop\Projects\DevLens-AI\DevLens-AI\backend\app\search\keyword_search.py", line 22, in keyword_search
    ).execute()
      ~~~~~~~^^
  File "C:\Users\Anil\Desktop\Projects\DevLens-AI\DevLens-AI\backend\.venv\Lib\site-packages\postgrest\_sync\request_builder.py", line 129, in execute
    raise APIError(dict(json_obj))
postgrest.exceptions.APIError: {'message': 'Could not find the function public.match_code_chunks_keyword(filter_repo_id, match_count, query_text) in the schema cache', 'code': 'PGRST202', 'hint': None, 'details': 'Searched for the function public.match_code_chunks_keyword with parameters filter_repo_id, match_count, query_text or with a single unnamed json/jsonb parameter, but no matches were found in the schema cache.'}

[HYBRID SEARCH] repo_id: '5870b3d97abd0114', query: 'import'
  Vector results raw count: 0
  Keyword results raw count: 0
[VECTOR SEARCH] repo_id value: '5870b3d97abd0114', type: <class 'str'>, query: 'App'
[DevLens AI Error] Vector similarity RPC lookup failed: {'message': 'Could not find the function public.match_code_chunks(filter_repo_id, match_count, match_threshold, query_embedding) in the schema cache', 'code': 'PGRST202', 'hint': None, 'details': 'Searched for the function public.match_code_chunks with parameters filter_repo_id, match_count, match_threshold, query_embedding or with a single unnamed json/jsonb parameter, but no matches were found in the schema cache.'}
Traceback (most recent call last):
  File "C:\Users\Anil\Desktop\Projects\DevLens-AI\DevLens-AI\backend\app\search\vector_search.py", line 32, in vector_search
    ).execute()
      ~~~~~~~^^
  File "C:\Users\Anil\Desktop\Projects\DevLens-AI\DevLens-AI\backend\.venv\Lib\site-packages\postgrest\_sync\request_builder.py", line 129, in execute
    raise APIError(dict(json_obj))
postgrest.exceptions.APIError: {'message': 'Could not find the function public.match_code_chunks(filter_repo_id, match_count, match_threshold, query_embedding) in the schema cache', 'code': 'PGRST202', 'hint': None, 'details': 'Searched for the function public.match_code_chunks with parameters filter_repo_id, match_count, match_threshold, query_embedding or with a single unnamed json/jsonb parameter, but no matches were found in the schema cache.'}

[KEYWORD SEARCH] repo_id value: '5870b3d97abd0114', type: <class 'str'>, query: 'App'
[DevLens AI Error] Keyword similarity RPC lookup failed: {'message': 'Could not find the function public.match_code_chunks_keyword(filter_repo_id, match_count, query_text) in the schema cache', 'code': 'PGRST202', 'hint': None, 'details': 'Searched for the function public.match_code_chunks_keyword with parameters filter_repo_id, match_count, query_text or with a single unnamed json/jsonb parameter, but no matches were found in the schema cache.'}
Traceback (most recent call last):
  File "C:\Users\Anil\Desktop\Projects\DevLens-AI\DevLens-AI\backend\app\search\keyword_search.py", line 22, in keyword_search
    ).execute()
      ~~~~~~~^^
  File "C:\Users\Anil\Desktop\Projects\DevLens-AI\DevLens-AI\backend\.venv\Lib\site-packages\postgrest\_sync\request_builder.py", line 129, in execute
    raise APIError(dict(json_obj))
postgrest.exceptions.APIError: {'message': 'Could not find the function public.match_code_chunks_keyword(filter_repo_id, match_count, query_text) in the schema cache', 'code': 'PGRST202', 'hint': None, 'details': 'Searched for the function public.match_code_chunks_keyword with parameters filter_repo_id, match_count, query_text or with a single unnamed json/jsonb parameter, but no matches were found in the schema cache.'}

[HYBRID SEARCH] repo_id: '5870b3d97abd0114', query: 'App'
  Vector results raw count: 0
  Keyword results raw count: 0
[VECTOR SEARCH] repo_id value: '5870b3d97abd0114', type: <class 'str'>, query: 'App'
[DevLens AI Error] Vector similarity RPC lookup failed: {'message': 'Could not find the function public.match_code_chunks(filter_repo_id, match_count, match_threshold, query_embedding) in the schema cache', 'code': 'PGRST202', 'hint': None, 'details': 'Searched for the function public.match_code_chunks with parameters filter_repo_id, match_count, match_threshold, query_embedding or with a single unnamed json/jsonb parameter, but no matches were found in the schema cache.'}
Traceback (most recent call last):
  File "C:\Users\Anil\Desktop\Projects\DevLens-AI\DevLens-AI\backend\app\search\vector_search.py", line 32, in vector_search
    ).execute()
      ~~~~~~~^^
  File "C:\Users\Anil\Desktop\Projects\DevLens-AI\DevLens-AI\backend\.venv\Lib\site-packages\postgrest\_sync\request_builder.py", line 129, in execute
    raise APIError(dict(json_obj))
postgrest.exceptions.APIError: {'message': 'Could not find the function public.match_code_chunks(filter_repo_id, match_count, match_threshold, query_embedding) in the schema cache', 'code': 'PGRST202', 'hint': None, 'details': 'Searched for the function public.match_code_chunks with parameters filter_repo_id, match_count, match_threshold, query_embedding or with a single unnamed json/jsonb parameter, but no matches were found in the schema cache.'}

[KEYWORD SEARCH] repo_id value: '5870b3d97abd0114', type: <class 'str'>, query: 'App'
[DevLens AI Error] Keyword similarity RPC lookup failed: {'message': 'Could not find the function public.match_code_chunks_keyword(filter_repo_id, match_count, query_text) in the schema cache', 'code': 'PGRST202', 'hint': None, 'details': 'Searched for the function public.match_code_chunks_keyword with parameters filter_repo_id, match_count, query_text or with a single unnamed json/jsonb parameter, but no matches were found in the schema cache.'}
Traceback (most recent call last):
  File "C:\Users\Anil\Desktop\Projects\DevLens-AI\DevLens-AI\backend\app\search\keyword_search.py", line 22, in keyword_search
    ).execute()
      ~~~~~~~^^
  File "C:\Users\Anil\Desktop\Projects\DevLens-AI\DevLens-AI\backend\.venv\Lib\site-packages\postgrest\_sync\request_builder.py", line 129, in execute
    raise APIError(dict(json_obj))
postgrest.exceptions.APIError: {'message': 'Could not find the function public.match_code_chunks_keyword(filter_repo_id, match_count, query_text) in the schema cache', 'code': 'PGRST202', 'hint': None, 'details': 'Searched for the function public.match_code_chunks_keyword with parameters filter_repo_id, match_count, query_text or with a single unnamed json/jsonb parameter, but no matches were found in the schema cache.'}

[HYBRID SEARCH] repo_id: '5870b3d97abd0114', query: 'App'
  Vector results raw count: 0
  Keyword results raw count: 0
--- HEALTH CHECK DB DIAGNOSTICS ---
First 5 code_chunks: [{'id': 'cd69ed8d-3aa3-4e76-868c-c0283bd24178', 'repo_id': '1ace867376ce381c', 'file_path': 'src/app/hostel/announcements/page.tsx'}, {'id': 'd590bc51-4ac3-4da2-9104-e55b1f6972b5', 'repo_id': '1ace867376ce381c', 'file_path': 'src/app/society/find-local-help/page.tsx'}, {'id': '39e84ea8-771b-4e9d-af92-eafd6d07b9a5', 'repo_id': '1ace867376ce381c', 'file_path': 'src/app/society/find-local-help/page.tsx'}, {'id': 'fd3eb488-c767-4e57-9dd7-d2279d2324a1', 'repo_id': '1ace867376ce381c', 'file_path': 'src/app/society/find-local-help/page.tsx'}, {'id': '95b1fc70-7076-46c4-87bf-dd51ba02c21c', 'repo_id': '1ace867376ce381c', 'file_path': 'src/data/mock-visitors.ts'}]
Total code_chunks: 636
[VECTOR SEARCH] repo_id value: '5870b3d97abd0114', type: <class 'str'>, query: 'App'
[DevLens AI Error] Vector similarity RPC lookup failed: {'message': 'Could not find the function public.match_code_chunks(filter_repo_id, match_count, match_threshold, query_embedding) in the schema cache', 'code': 'PGRST202', 'hint': None, 'details': 'Searched for the function public.match_code_chunks with parameters filter_repo_id, match_count, match_threshold, query_embedding or with a single unnamed json/jsonb parameter, but no matches were found in the schema cache.'}
Traceback (most recent call last):
  File "C:\Users\Anil\Desktop\Projects\DevLens-AI\DevLens-AI\backend\app\search\vector_search.py", line 32, in vector_search
    ).execute()
      ~~~~~~~^^
  File "C:\Users\Anil\Desktop\Projects\DevLens-AI\DevLens-AI\backend\.venv\Lib\site-packages\postgrest\_sync\request_builder.py", line 129, in execute
    raise APIError(dict(json_obj))
postgrest.exceptions.APIError: {'message': 'Could not find the function public.match_code_chunks(filter_repo_id, match_count, match_threshold, query_embedding) in the schema cache', 'code': 'PGRST202', 'hint': None, 'details': 'Searched for the function public.match_code_chunks with parameters filter_repo_id, match_count, match_threshold, query_embedding or with a single unnamed json/jsonb parameter, but no matches were found in the schema cache.'}

[KEYWORD SEARCH] repo_id value: '5870b3d97abd0114', type: <class 'str'>, query: 'App'
[DevLens AI Error] Keyword similarity RPC lookup failed: {'message': 'Could not find the function public.match_code_chunks_keyword(filter_repo_id, match_count, query_text) in the schema cache', 'code': 'PGRST202', 'hint': None, 'details': 'Searched for the function public.match_code_chunks_keyword with parameters filter_repo_id, match_count, query_text or with a single unnamed json/jsonb parameter, but no matches were found in the schema cache.'}
Traceback (most recent call last):
  File "C:\Users\Anil\Desktop\Projects\DevLens-AI\DevLens-AI\backend\app\search\keyword_search.py", line 22, in keyword_search
    ).execute()
      ~~~~~~~^^
  File "C:\Users\Anil\Desktop\Projects\DevLens-AI\DevLens-AI\backend\.venv\Lib\site-packages\postgrest\_sync\request_builder.py", line 129, in execute
    raise APIError(dict(json_obj))
postgrest.exceptions.APIError: {'message': 'Could not find the function public.match_code_chunks_keyword(filter_repo_id, match_count, query_text) in the schema cache', 'code': 'PGRST202', 'hint': None, 'details': 'Searched for the function public.match_code_chunks_keyword with parameters filter_repo_id, match_count, query_text or with a single unnamed json/jsonb parameter, but no matches were found in the schema cache.'}

[HYBRID SEARCH] repo_id: '5870b3d97abd0114', query: 'App'
  Vector results raw count: 0
  Keyword results raw count: 0
[VECTOR SEARCH] repo_id value: '5870b3d97abd0114', type: <class 'str'>, query: 'how is auth handled'
[DevLens AI Error] Vector similarity RPC lookup failed: {'message': 'Could not find the function public.match_code_chunks(filter_repo_id, match_count, match_threshold, query_embedding) in the schema cache', 'code': 'PGRST202', 'hint': None, 'details': 'Searched for the function public.match_code_chunks with parameters filter_repo_id, match_count, match_threshold, query_embedding or with a single unnamed json/jsonb parameter, but no matches were found in the schema cache.'}
Traceback (most recent call last):
  File "C:\Users\Anil\Desktop\Projects\DevLens-AI\DevLens-AI\backend\app\search\vector_search.py", line 32, in vector_search
    ).execute()
      ~~~~~~~^^
  File "C:\Users\Anil\Desktop\Projects\DevLens-AI\DevLens-AI\backend\.venv\Lib\site-packages\postgrest\_sync\request_builder.py", line 129, in execute
    raise APIError(dict(json_obj))
postgrest.exceptions.APIError: {'message': 'Could not find the function public.match_code_chunks(filter_repo_id, match_count, match_threshold, query_embedding) in the schema cache', 'code': 'PGRST202', 'hint': None, 'details': 'Searched for the function public.match_code_chunks with parameters filter_repo_id, match_count, match_threshold, query_embedding or with a single unnamed json/jsonb parameter, but no matches were found in the schema cache.'}

[KEYWORD SEARCH] repo_id value: '5870b3d97abd0114', type: <class 'str'>, query: 'how is auth handled'
[DevLens AI Error] Keyword similarity RPC lookup failed: {'message': 'Could not find the function public.match_code_chunks_keyword(filter_repo_id, match_count, query_text) in the schema cache', 'code': 'PGRST202', 'hint': None, 'details': 'Searched for the function public.match_code_chunks_keyword with parameters filter_repo_id, match_count, query_text or with a single unnamed json/jsonb parameter, but no matches were found in the schema cache.'}
Traceback (most recent call last):
  File "C:\Users\Anil\Desktop\Projects\DevLens-AI\DevLens-AI\backend\app\search\keyword_search.py", line 22, in keyword_search
    ).execute()
      ~~~~~~~^^
  File "C:\Users\Anil\Desktop\Projects\DevLens-AI\DevLens-AI\backend\.venv\Lib\site-packages\postgrest\_sync\request_builder.py", line 129, in execute
    raise APIError(dict(json_obj))
postgrest.exceptions.APIError: {'message': 'Could not find the function public.match_code_chunks_keyword(filter_repo_id, match_count, query_text) in the schema cache', 'code': 'PGRST202', 'hint': None, 'details': 'Searched for the function public.match_code_chunks_keyword with parameters filter_repo_id, match_count, query_text or with a single unnamed json/jsonb parameter, but no matches were found in the schema cache.'}

[HYBRID SEARCH] repo_id: '5870b3d97abd0114', query: 'how is auth handled'
  Vector results raw count: 0
  Keyword results raw count: 0
[VECTOR SEARCH] repo_id value: '5870b3d97abd0114', type: <class 'str'>, query: 'app'
[DIAGNOSTICS] content_tsv query failed: {'message': 'column code_chunks.content_tsv does not exist', 'code': '42703', 'hint': None, 'details': None}
[DevLens AI Error] Vector similarity RPC lookup failed: {'message': 'Could not find the function public.match_code_chunks(filter_repo_id, match_count, match_threshold, query_embedding) in the schema cache', 'code': 'PGRST202', 'hint': None, 'details': 'Searched for the function public.match_code_chunks with parameters filter_repo_id, match_count, match_threshold, query_embedding or with a single unnamed json/jsonb parameter, but no matches were found in the schema cache.'}
Traceback (most recent call last):
  File "C:\Users\Anil\Desktop\Projects\DevLens-AI\DevLens-AI\backend\app\search\vector_search.py", line 38, in vector_search
    ).execute()
      ~~~~~~~^^
  File "C:\Users\Anil\Desktop\Projects\DevLens-AI\DevLens-AI\backend\.venv\Lib\site-packages\postgrest\_sync\request_builder.py", line 129, in execute
    raise APIError(dict(json_obj))
postgrest.exceptions.APIError: {'message': 'Could not find the function public.match_code_chunks(filter_repo_id, match_count, match_threshold, query_embedding) in the schema cache', 'code': 'PGRST202', 'hint': None, 'details': 'Searched for the function public.match_code_chunks with parameters filter_repo_id, match_count, match_threshold, query_embedding or with a single unnamed json/jsonb parameter, but no matches were found in the schema cache.'}

[KEYWORD SEARCH] repo_id value: '5870b3d97abd0114', type: <class 'str'>, query: 'app'
[DevLens AI Error] Keyword similarity RPC lookup failed: {'message': 'Could not find the function public.match_code_chunks_keyword(filter_repo_id, match_count, query_text) in the schema cache', 'code': 'PGRST202', 'hint': None, 'details': 'Searched for the function public.match_code_chunks_keyword with parameters filter_repo_id, match_count, query_text or with a single unnamed json/jsonb parameter, but no matches were found in the schema cache.'}
Traceback (most recent call last):
  File "C:\Users\Anil\Desktop\Projects\DevLens-AI\DevLens-AI\backend\app\search\keyword_search.py", line 22, in keyword_search
    ).execute()
      ~~~~~~~^^
  File "C:\Users\Anil\Desktop\Projects\DevLens-AI\DevLens-AI\backend\.venv\Lib\site-packages\postgrest\_sync\request_builder.py", line 129, in execute
    raise APIError(dict(json_obj))
postgrest.exceptions.APIError: {'message': 'Could not find the function public.match_code_chunks_keyword(filter_repo_id, match_count, query_text) in the schema cache', 'code': 'PGRST202', 'hint': None, 'details': 'Searched for the function public.match_code_chunks_keyword with parameters filter_repo_id, match_count, query_text or with a single unnamed json/jsonb parameter, but no matches were found in the schema cache.'}

[HYBRID SEARCH] repo_id: '5870b3d97abd0114', query: 'app'
  Vector results raw count: 0
  Keyword results raw count: 0
[VECTOR SEARCH] repo_id value: '5870b3d97abd0114', type: <class 'str'>, query: 'app'
[DIAGNOSTICS] content_tsv query failed: {'message': 'column code_chunks.content_tsv does not exist', 'code': '42703', 'hint': None, 'details': None}
[DevLens AI Error] Vector similarity RPC lookup failed: {'message': 'Could not find the function public.match_code_chunks(filter_repo_id, match_count, match_threshold, query_embedding) in the schema cache', 'code': 'PGRST202', 'hint': None, 'details': 'Searched for the function public.match_code_chunks with parameters filter_repo_id, match_count, match_threshold, query_embedding or with a single unnamed json/jsonb parameter, but no matches were found in the schema cache.'}
Traceback (most recent call last):
  File "C:\Users\Anil\Desktop\Projects\DevLens-AI\DevLens-AI\backend\app\search\vector_search.py", line 38, in vector_search
    ).execute()
      ~~~~~~~^^
  File "C:\Users\Anil\Desktop\Projects\DevLens-AI\DevLens-AI\backend\.venv\Lib\site-packages\postgrest\_sync\request_builder.py", line 129, in execute
    raise APIError(dict(json_obj))
postgrest.exceptions.APIError: {'message': 'Could not find the function public.match_code_chunks(filter_repo_id, match_count, match_threshold, query_embedding) in the schema cache', 'code': 'PGRST202', 'hint': None, 'details': 'Searched for the function public.match_code_chunks with parameters filter_repo_id, match_count, match_threshold, query_embedding or with a single unnamed json/jsonb parameter, but no matches were found in the schema cache.'}

[KEYWORD SEARCH] repo_id value: '5870b3d97abd0114', type: <class 'str'>, query: 'app'
[DevLens AI Error] Keyword similarity RPC lookup failed: {'message': 'Could not find the function public.match_code_chunks_keyword(filter_repo_id, match_count, query_text) in the schema cache', 'code': 'PGRST202', 'hint': None, 'details': 'Searched for the function public.match_code_chunks_keyword with parameters filter_repo_id, match_count, query_text or with a single unnamed json/jsonb parameter, but no matches were found in the schema cache.'}
Traceback (most recent call last):
  File "C:\Users\Anil\Desktop\Projects\DevLens-AI\DevLens-AI\backend\app\search\keyword_search.py", line 22, in keyword_search
    ).execute()
      ~~~~~~~^^
  File "C:\Users\Anil\Desktop\Projects\DevLens-AI\DevLens-AI\backend\.venv\Lib\site-packages\postgrest\_sync\request_builder.py", line 129, in execute
    raise APIError(dict(json_obj))
postgrest.exceptions.APIError: {'message': 'Could not find the function public.match_code_chunks_keyword(filter_repo_id, match_count, query_text) in the schema cache', 'code': 'PGRST202', 'hint': None, 'details': 'Searched for the function public.match_code_chunks_keyword with parameters filter_repo_id, match_count, query_text or with a single unnamed json/jsonb parameter, but no matches were found in the schema cache.'}

[HYBRID SEARCH] repo_id: '5870b3d97abd0114', query: 'app'
  Vector results raw count: 0
  Keyword results raw count: 0
[VECTOR SEARCH] repo_id value: '5870b3d97abd0114', type: <class 'str'>, query: 'app'
[DIAGNOSTICS] Package psycopg2 is NOT installed.
[DIAGNOSTICS] Package psycopg is NOT installed.
[DIAGNOSTICS] Package pg8000 is NOT installed.
[DIAGNOSTICS] Package asyncpg is NOT installed.
[DIAGNOSTICS] Package sqlite3 is installed!
[DevLens AI Error] Vector similarity RPC lookup failed: {'message': 'Could not find the function public.match_code_chunks(filter_repo_id, match_count, match_threshold, query_embedding) in the schema cache', 'code': 'PGRST202', 'hint': None, 'details': 'Searched for the function public.match_code_chunks with parameters filter_repo_id, match_count, match_threshold, query_embedding or with a single unnamed json/jsonb parameter, but no matches were found in the schema cache.'}
Traceback (most recent call last):
  File "C:\Users\Anil\Desktop\Projects\DevLens-AI\DevLens-AI\backend\app\search\vector_search.py", line 39, in vector_search
    ).execute()
      ~~~~~~~^^
  File "C:\Users\Anil\Desktop\Projects\DevLens-AI\DevLens-AI\backend\.venv\Lib\site-packages\postgrest\_sync\request_builder.py", line 129, in execute
    raise APIError(dict(json_obj))
postgrest.exceptions.APIError: {'message': 'Could not find the function public.match_code_chunks(filter_repo_id, match_count, match_threshold, query_embedding) in the schema cache', 'code': 'PGRST202', 'hint': None, 'details': 'Searched for the function public.match_code_chunks with parameters filter_repo_id, match_count, match_threshold, query_embedding or with a single unnamed json/jsonb parameter, but no matches were found in the schema cache.'}

[KEYWORD SEARCH] repo_id value: '5870b3d97abd0114', type: <class 'str'>, query: 'app'
[DevLens AI Error] Keyword similarity RPC lookup failed: {'message': 'Could not find the function public.match_code_chunks_keyword(filter_repo_id, match_count, query_text) in the schema cache', 'code': 'PGRST202', 'hint': None, 'details': 'Searched for the function public.match_code_chunks_keyword with parameters filter_repo_id, match_count, query_text or with a single unnamed json/jsonb parameter, but no matches were found in the schema cache.'}
Traceback (most recent call last):
  File "C:\Users\Anil\Desktop\Projects\DevLens-AI\DevLens-AI\backend\app\search\keyword_search.py", line 22, in keyword_search
    ).execute()
      ~~~~~~~^^
  File "C:\Users\Anil\Desktop\Projects\DevLens-AI\DevLens-AI\backend\.venv\Lib\site-packages\postgrest\_sync\request_builder.py", line 129, in execute
    raise APIError(dict(json_obj))
postgrest.exceptions.APIError: {'message': 'Could not find the function public.match_code_chunks_keyword(filter_repo_id, match_count, query_text) in the schema cache', 'code': 'PGRST202', 'hint': None, 'details': 'Searched for the function public.match_code_chunks_keyword with parameters filter_repo_id, match_count, query_text or with a single unnamed json/jsonb parameter, but no matches were found in the schema cache.'}

[HYBRID SEARCH] repo_id: '5870b3d97abd0114', query: 'app'
  Vector results raw count: 0
  Keyword results raw count: 0
[VECTOR SEARCH] repo_id value: '5870b3d97abd0114', type: <class 'str'>, query: 'app'
[DIAGNOSTICS] Rows for 5870b3d97abd0114: 85, Rows for 1ace867376ce381c: 551
[DevLens AI Error] Vector similarity RPC lookup failed: {'message': 'Could not find the function public.match_code_chunks(filter_repo_id, match_count, match_threshold, query_embedding) in the schema cache', 'code': 'PGRST202', 'hint': None, 'details': 'Searched for the function public.match_code_chunks with parameters filter_repo_id, match_count, match_threshold, query_embedding or with a single unnamed json/jsonb parameter, but no matches were found in the schema cache.'}
Traceback (most recent call last):
  File "C:\Users\Anil\Desktop\Projects\DevLens-AI\DevLens-AI\backend\app\search\vector_search.py", line 39, in vector_search
    ).execute()
      ~~~~~~~^^
  File "C:\Users\Anil\Desktop\Projects\DevLens-AI\DevLens-AI\backend\.venv\Lib\site-packages\postgrest\_sync\request_builder.py", line 129, in execute
    raise APIError(dict(json_obj))
postgrest.exceptions.APIError: {'message': 'Could not find the function public.match_code_chunks(filter_repo_id, match_count, match_threshold, query_embedding) in the schema cache', 'code': 'PGRST202', 'hint': None, 'details': 'Searched for the function public.match_code_chunks with parameters filter_repo_id, match_count, match_threshold, query_embedding or with a single unnamed json/jsonb parameter, but no matches were found in the schema cache.'}

[KEYWORD SEARCH] repo_id value: '5870b3d97abd0114', type: <class 'str'>, query: 'app'
[DevLens AI Error] Keyword similarity RPC lookup failed: {'message': 'Could not find the function public.match_code_chunks_keyword(filter_repo_id, match_count, query_text) in the schema cache', 'code': 'PGRST202', 'hint': None, 'details': 'Searched for the function public.match_code_chunks_keyword with parameters filter_repo_id, match_count, query_text or with a single unnamed json/jsonb parameter, but no matches were found in the schema cache.'}
Traceback (most recent call last):
  File "C:\Users\Anil\Desktop\Projects\DevLens-AI\DevLens-AI\backend\app\search\keyword_search.py", line 22, in keyword_search
    ).execute()
      ~~~~~~~^^
  File "C:\Users\Anil\Desktop\Projects\DevLens-AI\DevLens-AI\backend\.venv\Lib\site-packages\postgrest\_sync\request_builder.py", line 129, in execute
    raise APIError(dict(json_obj))
postgrest.exceptions.APIError: {'message': 'Could not find the function public.match_code_chunks_keyword(filter_repo_id, match_count, query_text) in the schema cache', 'code': 'PGRST202', 'hint': None, 'details': 'Searched for the function public.match_code_chunks_keyword with parameters filter_repo_id, match_count, query_text or with a single unnamed json/jsonb parameter, but no matches were found in the schema cache.'}

[HYBRID SEARCH] repo_id: '5870b3d97abd0114', query: 'app'
  Vector results raw count: 0
  Keyword results raw count: 0
[VECTOR SEARCH] repo_id value: '5870b3d97abd0114', type: <class 'str'>, query: 'app'
[DIAGNOSTICS] Rows for 5870b3d97abd0114: 85, Rows for 1ace867376ce381c: 551
[DevLens AI Error] Vector similarity RPC lookup failed: {'message': 'Could not find the function public.match_code_chunks(filter_repo_id, match_count, match_threshold, query_embedding) in the schema cache', 'code': 'PGRST202', 'hint': None, 'details': 'Searched for the function public.match_code_chunks with parameters filter_repo_id, match_count, match_threshold, query_embedding or with a single unnamed json/jsonb parameter, but no matches were found in the schema cache.'}
Traceback (most recent call last):
  File "C:\Users\Anil\Desktop\Projects\DevLens-AI\DevLens-AI\backend\app\search\vector_search.py", line 39, in vector_search
    ).execute()
      ~~~~~~~^^
  File "C:\Users\Anil\Desktop\Projects\DevLens-AI\DevLens-AI\backend\.venv\Lib\site-packages\postgrest\_sync\request_builder.py", line 129, in execute
    raise APIError(dict(json_obj))
postgrest.exceptions.APIError: {'message': 'Could not find the function public.match_code_chunks(filter_repo_id, match_count, match_threshold, query_embedding) in the schema cache', 'code': 'PGRST202', 'hint': None, 'details': 'Searched for the function public.match_code_chunks with parameters filter_repo_id, match_count, match_threshold, query_embedding or with a single unnamed json/jsonb parameter, but no matches were found in the schema cache.'}

[KEYWORD SEARCH] repo_id value: '5870b3d97abd0114', type: <class 'str'>, query: 'app'
[DevLens AI Error] Keyword similarity RPC lookup failed: {'message': 'Could not find the function public.match_code_chunks_keyword(filter_repo_id, match_count, query_text) in the schema cache', 'code': 'PGRST202', 'hint': None, 'details': 'Searched for the function public.match_code_chunks_keyword with parameters filter_repo_id, match_count, query_text or with a single unnamed json/jsonb parameter, but no matches were found in the schema cache.'}
Traceback (most recent call last):
  File "C:\Users\Anil\Desktop\Projects\DevLens-AI\DevLens-AI\backend\app\search\keyword_search.py", line 22, in keyword_search
    ).execute()
      ~~~~~~~^^
  File "C:\Users\Anil\Desktop\Projects\DevLens-AI\DevLens-AI\backend\.venv\Lib\site-packages\postgrest\_sync\request_builder.py", line 129, in execute
    raise APIError(dict(json_obj))
postgrest.exceptions.APIError: {'message': 'Could not find the function public.match_code_chunks_keyword(filter_repo_id, match_count, query_text) in the schema cache', 'code': 'PGRST202', 'hint': None, 'details': 'Searched for the function public.match_code_chunks_keyword with parameters filter_repo_id, match_count, query_text or with a single unnamed json/jsonb parameter, but no matches were found in the schema cache.'}

[HYBRID SEARCH] repo_id: '5870b3d97abd0114', query: 'app'
  Vector results raw count: 0
  Keyword results raw count: 0
[VECTOR SEARCH] repo_id value: '5870b3d97abd0114', type: <class 'str'>, query: 'app'
[DIAGNOSTICS] Rows for 5870b3d97abd0114: 85, Rows for 1ace867376ce381c: 551
[DevLens AI Error] Vector similarity RPC lookup failed: {'message': 'Could not find the function public.match_code_chunks(filter_repo_id, match_count, match_threshold, query_embedding) in the schema cache', 'code': 'PGRST202', 'hint': None, 'details': 'Searched for the function public.match_code_chunks with parameters filter_repo_id, match_count, match_threshold, query_embedding or with a single unnamed json/jsonb parameter, but no matches were found in the schema cache.'}
Traceback (most recent call last):
  File "C:\Users\Anil\Desktop\Projects\DevLens-AI\DevLens-AI\backend\app\search\vector_search.py", line 39, in vector_search
    ).execute()
      ~~~~~~~^^
  File "C:\Users\Anil\Desktop\Projects\DevLens-AI\DevLens-AI\backend\.venv\Lib\site-packages\postgrest\_sync\request_builder.py", line 129, in execute
    raise APIError(dict(json_obj))
postgrest.exceptions.APIError: {'message': 'Could not find the function public.match_code_chunks(filter_repo_id, match_count, match_threshold, query_embedding) in the schema cache', 'code': 'PGRST202', 'hint': None, 'details': 'Searched for the function public.match_code_chunks with parameters filter_repo_id, match_count, match_threshold, query_embedding or with a single unnamed json/jsonb parameter, but no matches were found in the schema cache.'}

[KEYWORD SEARCH] repo_id value: '5870b3d97abd0114', type: <class 'str'>, query: 'app'
[DevLens AI Error] Keyword similarity RPC lookup failed: {'message': 'Could not find the function public.match_code_chunks_keyword(filter_repo_id, match_count, query_text) in the schema cache', 'code': 'PGRST202', 'hint': None, 'details': 'Searched for the function public.match_code_chunks_keyword with parameters filter_repo_id, match_count, query_text or with a single unnamed json/jsonb parameter, but no matches were found in the schema cache.'}
Traceback (most recent call last):
  File "C:\Users\Anil\Desktop\Projects\DevLens-AI\DevLens-AI\backend\app\search\keyword_search.py", line 22, in keyword_search
    ).execute()
      ~~~~~~~^^
  File "C:\Users\Anil\Desktop\Projects\DevLens-AI\DevLens-AI\backend\.venv\Lib\site-packages\postgrest\_sync\request_builder.py", line 129, in execute
    raise APIError(dict(json_obj))
postgrest.exceptions.APIError: {'message': 'Could not find the function public.match_code_chunks_keyword(filter_repo_id, match_count, query_text) in the schema cache', 'code': 'PGRST202', 'hint': None, 'details': 'Searched for the function public.match_code_chunks_keyword with parameters filter_repo_id, match_count, query_text or with a single unnamed json/jsonb parameter, but no matches were found in the schema cache.'}

[HYBRID SEARCH] repo_id: '5870b3d97abd0114', query: 'app'
  Vector results raw count: 0
  Keyword results raw count: 0
[VECTOR SEARCH] repo_id value: '5870b3d97abd0114', type: <class 'str'>, query: 'appapp'
[DIAGNOSTICS] Env check failed: name 'os' is not defined
[DevLens AI Error] Vector similarity RPC lookup failed: {'message': 'Could not find the function public.match_code_chunks(filter_repo_id, match_count, match_threshold, query_embedding) in the schema cache', 'code': 'PGRST202', 'hint': None, 'details': 'Searched for the function public.match_code_chunks with parameters filter_repo_id, match_count, match_threshold, query_embedding or with a single unnamed json/jsonb parameter, but no matches were found in the schema cache.'}
Traceback (most recent call last):
  File "C:\Users\Anil\Desktop\Projects\DevLens-AI\DevLens-AI\backend\app\search\vector_search.py", line 41, in vector_search
    ).execute()
      ~~~~~~~^^
  File "C:\Users\Anil\Desktop\Projects\DevLens-AI\DevLens-AI\backend\.venv\Lib\site-packages\postgrest\_sync\request_builder.py", line 129, in execute
    raise APIError(dict(json_obj))
postgrest.exceptions.APIError: {'message': 'Could not find the function public.match_code_chunks(filter_repo_id, match_count, match_threshold, query_embedding) in the schema cache', 'code': 'PGRST202', 'hint': None, 'details': 'Searched for the function public.match_code_chunks with parameters filter_repo_id, match_count, match_threshold, query_embedding or with a single unnamed json/jsonb parameter, but no matches were found in the schema cache.'}

[KEYWORD SEARCH] repo_id value: '5870b3d97abd0114', type: <class 'str'>, query: 'appapp'
[DevLens AI Error] Keyword similarity RPC lookup failed: {'message': 'Could not find the function public.match_code_chunks_keyword(filter_repo_id, match_count, query_text) in the schema cache', 'code': 'PGRST202', 'hint': None, 'details': 'Searched for the function public.match_code_chunks_keyword with parameters filter_repo_id, match_count, query_text or with a single unnamed json/jsonb parameter, but no matches were found in the schema cache.'}
Traceback (most recent call last):
  File "C:\Users\Anil\Desktop\Projects\DevLens-AI\DevLens-AI\backend\app\search\keyword_search.py", line 22, in keyword_search
    ).execute()
      ~~~~~~~^^
  File "C:\Users\Anil\Desktop\Projects\DevLens-AI\DevLens-AI\backend\.venv\Lib\site-packages\postgrest\_sync\request_builder.py", line 129, in execute
    raise APIError(dict(json_obj))
postgrest.exceptions.APIError: {'message': 'Could not find the function public.match_code_chunks_keyword(filter_repo_id, match_count, query_text) in the schema cache', 'code': 'PGRST202', 'hint': None, 'details': 'Searched for the function public.match_code_chunks_keyword with parameters filter_repo_id, match_count, query_text or with a single unnamed json/jsonb parameter, but no matches were found in the schema cache.'}

[HYBRID SEARCH] repo_id: '5870b3d97abd0114', query: 'appapp'
  Vector results raw count: 0
  Keyword results raw count: 0
[VECTOR SEARCH] repo_id value: '5870b3d97abd0114', type: <class 'str'>, query: 'app'
[DIAGNOSTICS] Env check failed: name 'os' is not defined
[DevLens AI Error] Vector similarity RPC lookup failed: {'message': 'Could not find the function public.match_code_chunks(filter_repo_id, match_count, match_threshold, query_embedding) in the schema cache', 'code': 'PGRST202', 'hint': None, 'details': 'Searched for the function public.match_code_chunks with parameters filter_repo_id, match_count, match_threshold, query_embedding or with a single unnamed json/jsonb parameter, but no matches were found in the schema cache.'}
Traceback (most recent call last):
  File "C:\Users\Anil\Desktop\Projects\DevLens-AI\DevLens-AI\backend\app\search\vector_search.py", line 41, in vector_search
    ).execute()
      ~~~~~~~^^
  File "C:\Users\Anil\Desktop\Projects\DevLens-AI\DevLens-AI\backend\.venv\Lib\site-packages\postgrest\_sync\request_builder.py", line 129, in execute
    raise APIError(dict(json_obj))
postgrest.exceptions.APIError: {'message': 'Could not find the function public.match_code_chunks(filter_repo_id, match_count, match_threshold, query_embedding) in the schema cache', 'code': 'PGRST202', 'hint': None, 'details': 'Searched for the function public.match_code_chunks with parameters filter_repo_id, match_count, match_threshold, query_embedding or with a single unnamed json/jsonb parameter, but no matches were found in the schema cache.'}

[KEYWORD SEARCH] repo_id value: '5870b3d97abd0114', type: <class 'str'>, query: 'app'
[DevLens AI Error] Keyword similarity RPC lookup failed: {'message': 'Could not find the function public.match_code_chunks_keyword(filter_repo_id, match_count, query_text) in the schema cache', 'code': 'PGRST202', 'hint': None, 'details': 'Searched for the function public.match_code_chunks_keyword with parameters filter_repo_id, match_count, query_text or with a single unnamed json/jsonb parameter, but no matches were found in the schema cache.'}
Traceback (most recent call last):
  File "C:\Users\Anil\Desktop\Projects\DevLens-AI\DevLens-AI\backend\app\search\keyword_search.py", line 22, in keyword_search
    ).execute()
      ~~~~~~~^^
  File "C:\Users\Anil\Desktop\Projects\DevLens-AI\DevLens-AI\backend\.venv\Lib\site-packages\postgrest\_sync\request_builder.py", line 129, in execute
    raise APIError(dict(json_obj))
postgrest.exceptions.APIError: {'message': 'Could not find the function public.match_code_chunks_keyword(filter_repo_id, match_count, query_text) in the schema cache', 'code': 'PGRST202', 'hint': None, 'details': 'Searched for the function public.match_code_chunks_keyword with parameters filter_repo_id, match_count, query_text or with a single unnamed json/jsonb parameter, but no matches were found in the schema cache.'}

[HYBRID SEARCH] repo_id: '5870b3d97abd0114', query: 'app'
  Vector results raw count: 0
  Keyword results raw count: 0
[VECTOR SEARCH] repo_id value: '5870b3d97abd0114', type: <class 'str'>, query: 'appapp'
[DIAGNOSTICS] Embedding value: '[-0.09114778,0.08841459,0.036089938,0.025944212,0.0021331226,0.0751357,0.06777513,0.025118412,0.013, type: <class 'str'>
[DevLens AI Error] Vector similarity RPC lookup failed: {'message': 'Could not find the function public.match_code_chunks(filter_repo_id, match_count, match_threshold, query_embedding) in the schema cache', 'code': 'PGRST202', 'hint': None, 'details': 'Searched for the function public.match_code_chunks with parameters filter_repo_id, match_count, match_threshold, query_embedding or with a single unnamed json/jsonb parameter, but no matches were found in the schema cache.'}
Traceback (most recent call last):
  File "C:\Users\Anil\Desktop\Projects\DevLens-AI\DevLens-AI\backend\app\search\vector_search.py", line 43, in vector_search
    ).execute()
      ~~~~~~~^^
  File "C:\Users\Anil\Desktop\Projects\DevLens-AI\DevLens-AI\backend\.venv\Lib\site-packages\postgrest\_sync\request_builder.py", line 129, in execute
    raise APIError(dict(json_obj))
postgrest.exceptions.APIError: {'message': 'Could not find the function public.match_code_chunks(filter_repo_id, match_count, match_threshold, query_embedding) in the schema cache', 'code': 'PGRST202', 'hint': None, 'details': 'Searched for the function public.match_code_chunks with parameters filter_repo_id, match_count, match_threshold, query_embedding or with a single unnamed json/jsonb parameter, but no matches were found in the schema cache.'}

[KEYWORD SEARCH] repo_id value: '5870b3d97abd0114', type: <class 'str'>, query: 'appapp'
[DevLens AI Error] Keyword similarity RPC lookup failed: {'message': 'Could not find the function public.match_code_chunks_keyword(filter_repo_id, match_count, query_text) in the schema cache', 'code': 'PGRST202', 'hint': None, 'details': 'Searched for the function public.match_code_chunks_keyword with parameters filter_repo_id, match_count, query_text or with a single unnamed json/jsonb parameter, but no matches were found in the schema cache.'}
Traceback (most recent call last):
  File "C:\Users\Anil\Desktop\Projects\DevLens-AI\DevLens-AI\backend\app\search\keyword_search.py", line 22, in keyword_search
    ).execute()
      ~~~~~~~^^
  File "C:\Users\Anil\Desktop\Projects\DevLens-AI\DevLens-AI\backend\.venv\Lib\site-packages\postgrest\_sync\request_builder.py", line 129, in execute
    raise APIError(dict(json_obj))
postgrest.exceptions.APIError: {'message': 'Could not find the function public.match_code_chunks_keyword(filter_repo_id, match_count, query_text) in the schema cache', 'code': 'PGRST202', 'hint': None, 'details': 'Searched for the function public.match_code_chunks_keyword with parameters filter_repo_id, match_count, query_text or with a single unnamed json/jsonb parameter, but no matches were found in the schema cache.'}

[HYBRID SEARCH] repo_id: '5870b3d97abd0114', query: 'appapp'
  Vector results raw count: 0
  Keyword results raw count: 0
[VECTOR SEARCH] repo_id value: '5870b3d97abd0114', type: <class 'str'>, query: 'app'
[VECTOR SEARCH PYTHON] Fetched 85 chunks for repo_id: 5870b3d97abd0114
[VECTOR SEARCH SUCCESS] Returning 30 results
[KEYWORD SEARCH] repo_id value: '5870b3d97abd0114', type: <class 'str'>, query: 'app'
[KEYWORD SEARCH PYTHON] Fetched 85 chunks for repo_id: 5870b3d97abd0114
[KEYWORD SEARCH SUCCESS] Returning 23 results
[HYBRID SEARCH] repo_id: '5870b3d97abd0114', query: 'app'
  Vector results raw count: 30
  Keyword results raw count: 23
[VECTOR SEARCH] repo_id value: '1ace867376ce381c', type: <class 'str'>, query: 'how is auth handeled'
[VECTOR SEARCH PYTHON] Fetched 551 chunks for repo_id: 1ace867376ce381c
[VECTOR SEARCH SUCCESS] Returning 30 results
[KEYWORD SEARCH] repo_id value: '1ace867376ce381c', type: <class 'str'>, query: 'how is auth handeled'
[KEYWORD SEARCH PYTHON] Fetched 551 chunks for repo_id: 1ace867376ce381c
[KEYWORD SEARCH SUCCESS] Returning 30 results
[HYBRID SEARCH] repo_id: '1ace867376ce381c', query: 'how is auth handeled'
  Vector results raw count: 30
  Keyword results raw count: 30
[VECTOR SEARCH] repo_id value: 'a1f665658cae760c', type: <class 'str'>, query: 'where are the skills written'
[VECTOR SEARCH PYTHON] Fetched 217 chunks for repo_id: a1f665658cae760c
[VECTOR SEARCH SUCCESS] Returning 30 results
[KEYWORD SEARCH] repo_id value: 'a1f665658cae760c', type: <class 'str'>, query: 'where are the skills written'
[KEYWORD SEARCH PYTHON] Fetched 217 chunks for repo_id: a1f665658cae760c
[KEYWORD SEARCH SUCCESS] Returning 30 results
[HYBRID SEARCH] repo_id: 'a1f665658cae760c', query: 'where are the skills written'
  Vector results raw count: 30
  Keyword results raw count: 30
[VECTOR SEARCH] repo_id value: 'a1f665658cae760c', type: <class 'str'>, query: 'how is auth handeled'
[VECTOR SEARCH PYTHON] Fetched 217 chunks for repo_id: a1f665658cae760c
[VECTOR SEARCH SUCCESS] Returning 30 results
[KEYWORD SEARCH] repo_id value: 'a1f665658cae760c', type: <class 'str'>, query: 'how is auth handeled'
[KEYWORD SEARCH PYTHON] Fetched 217 chunks for repo_id: a1f665658cae760c
[KEYWORD SEARCH SUCCESS] Returning 30 results
[HYBRID SEARCH] repo_id: 'a1f665658cae760c', query: 'how is auth handeled'
  Vector results raw count: 30
  Keyword results raw count: 30
[VECTOR SEARCH] repo_id value: '5870b3d97abd0114', type: <class 'str'>, query: 'how is auth handeled'
[VECTOR SEARCH PYTHON] Fetched 85 chunks for repo_id: 5870b3d97abd0114
[VECTOR SEARCH SUCCESS] Returning 30 results
[KEYWORD SEARCH] repo_id value: '5870b3d97abd0114', type: <class 'str'>, query: 'how is auth handeled'
[KEYWORD SEARCH PYTHON] Fetched 85 chunks for repo_id: 5870b3d97abd0114
[KEYWORD SEARCH SUCCESS] Returning 30 results
[HYBRID SEARCH] repo_id: '5870b3d97abd0114', query: 'how is auth handeled'
  Vector results raw count: 30
  Keyword results raw count: 30
[VECTOR SEARCH] repo_id value: '5870b3d97abd0114', type: <class 'str'>, query: 'what is motto'
[VECTOR SEARCH PYTHON] Fetched 85 chunks for repo_id: 5870b3d97abd0114
[VECTOR SEARCH SUCCESS] Returning 30 results
[KEYWORD SEARCH] repo_id value: '5870b3d97abd0114', type: <class 'str'>, query: 'what is motto'
[KEYWORD SEARCH PYTHON] Fetched 85 chunks for repo_id: 5870b3d97abd0114
[KEYWORD SEARCH SUCCESS] Returning 30 results
[HYBRID SEARCH] repo_id: '5870b3d97abd0114', query: 'what is motto'
  Vector results raw count: 30
  Keyword results raw count: 30
[VECTOR SEARCH] repo_id value: '5870b3d97abd0114', type: <class 'str'>, query: 'about hotspot'
[VECTOR SEARCH PYTHON] Fetched 85 chunks for repo_id: 5870b3d97abd0114
[VECTOR SEARCH SUCCESS] Returning 30 results
[KEYWORD SEARCH] repo_id value: '5870b3d97abd0114', type: <class 'str'>, query: 'about hotspot'
[KEYWORD SEARCH PYTHON] Fetched 85 chunks for repo_id: 5870b3d97abd0114
[KEYWORD SEARCH SUCCESS] Returning 14 results
[HYBRID SEARCH] repo_id: '5870b3d97abd0114', query: 'about hotspot'
  Vector results raw count: 30
  Keyword results raw count: 14
